\BOOKMARK [0][-]{chapter.1}{\376\377\0001\000\040\000D\000a\000t\000a\000\040\000S\000t\000r\000u\000c\000t\000u\000r\000e\000\040\000D\000o\000c\000u\000m\000e\000n\000t\000a\000t\000i\000o\000n}{}% 1
\BOOKMARK [1][-]{section.1.1}{\376\377\0001\000.\0001\000\040\000s\000\137\000p\000r\000o\000c\000e\000s\000s\000\137\000d\000a\000t\000a\000\040\000S\000t\000r\000u\000c\000t\000\040\000R\000e\000f\000e\000r\000e\000n\000c\000e}{chapter.1}% 2
\BOOKMARK [2][-]{subsection.1.1.1}{\376\377\0001\000.\0001\000.\0001\000\040\000F\000i\000e\000l\000d\000\040\000D\000o\000c\000u\000m\000e\000n\000t\000a\000t\000i\000o\000n}{section.1.1}% 3
\BOOKMARK [3][-]{subsubsection.1.1.1.1}{\376\377\0001\000.\0001\000.\0001\000.\0001\000\040\000a\000r\000g\0001\000\137\000h\000a\000n\000d\000l\000e}{subsection.1.1.1}% 4
\BOOKMARK [3][-]{subsubsection.1.1.1.2}{\376\377\0001\000.\0001\000.\0001\000.\0002\000\040\000a\000r\000g\0002\000\137\000h\000a\000n\000d\000l\000e}{subsection.1.1.1}% 5
\BOOKMARK [3][-]{subsubsection.1.1.1.3}{\376\377\0001\000.\0001\000.\0001\000.\0003\000\040\000a\000r\000r\000a\000y\000\137\000b\000y\000t\000e\000\137\000s\000i\000z\000e}{subsection.1.1.1}% 6
\BOOKMARK [3][-]{subsubsection.1.1.1.4}{\376\377\0001\000.\0001\000.\0001\000.\0004\000\040\000n\000u\000m\000\137\000a\000b\000\137\000v\000a\000l\000\137\000p\000a\000i\000r\000s}{subsection.1.1.1}% 7
\BOOKMARK [3][-]{subsubsection.1.1.1.5}{\376\377\0001\000.\0001\000.\0001\000.\0005\000\040\000p\000\137\000r\000i\000n\000g\000b\000u\000f\000f\000e\000r}{subsection.1.1.1}% 8
\BOOKMARK [3][-]{subsubsection.1.1.1.6}{\376\377\0001\000.\0001\000.\0001\000.\0006\000\040\000s\000y\000s\000t\000f\000\137\000h\000a\000n\000d\000l\000e}{subsection.1.1.1}% 9
\BOOKMARK [3][-]{subsubsection.1.1.1.7}{\376\377\0001\000.\0001\000.\0001\000.\0007\000\040\000t\000h\000r\000e\000a\000d}{subsection.1.1.1}% 10
\BOOKMARK [1][-]{section.1.2}{\376\377\0001\000.\0002\000\040\000s\000\137\000s\000e\000n\000d\000\137\000t\000c\000p\000\137\000s\000e\000r\000v\000e\000r\000\040\000S\000t\000r\000u\000c\000t\000\040\000R\000e\000f\000e\000r\000e\000n\000c\000e}{chapter.1}% 11
\BOOKMARK [2][-]{subsection.1.2.1}{\376\377\0001\000.\0002\000.\0001\000\040\000F\000i\000e\000l\000d\000\040\000D\000o\000c\000u\000m\000e\000n\000t\000a\000t\000i\000o\000n}{section.1.2}% 12
\BOOKMARK [3][-]{subsubsection.1.2.1.1}{\376\377\0001\000.\0002\000.\0001\000.\0001\000\040\000c\000o\000n\000n\000e\000c\000t\000i\000o\000n\000\137\000t\000h\000r\000e\000a\000d}{subsection.1.2.1}% 13
\BOOKMARK [3][-]{subsubsection.1.2.1.2}{\376\377\0001\000.\0002\000.\0001\000.\0002\000\040\000k\000i\000l\000l\000\137\000t\000h\000r\000e\000a\000d}{subsection.1.2.1}% 14
\BOOKMARK [3][-]{subsubsection.1.2.1.3}{\376\377\0001\000.\0002\000.\0001\000.\0003\000\040\000p\000\137\000a\000d\000d\000r\000e\000s\000s}{subsection.1.2.1}% 15
\BOOKMARK [3][-]{subsubsection.1.2.1.4}{\376\377\0001\000.\0002\000.\0001\000.\0004\000\040\000p\000\137\000s\000o\000c\000k\000e\000t\000\137\000i\000n\000f\000o}{subsection.1.2.1}% 16
\BOOKMARK [3][-]{subsubsection.1.2.1.5}{\376\377\0001\000.\0002\000.\0001\000.\0005\000\040\000p\000o\000l\000l\000\137\000c\000o\000n\000n\000e\000c\000t\000i\000o\000n}{subsection.1.2.1}% 17
\BOOKMARK [3][-]{subsubsection.1.2.1.6}{\376\377\0001\000.\0002\000.\0001\000.\0006\000\040\000p\000o\000r\000t}{subsection.1.2.1}% 18
\BOOKMARK [3][-]{subsubsection.1.2.1.7}{\376\377\0001\000.\0002\000.\0001\000.\0007\000\040\000r\000e\000c\000v\000\137\000p\000r\000o\000c\000e\000s\000s\000\137\000d\000a\000t\000a}{subsection.1.2.1}% 19
\BOOKMARK [3][-]{subsubsection.1.2.1.8}{\376\377\0001\000.\0002\000.\0001\000.\0008\000\040\000s\000e\000n\000d\000\137\000p\000r\000o\000c\000e\000s\000s\000\137\000d\000a\000t\000a}{subsection.1.2.1}% 20
\BOOKMARK [3][-]{subsubsection.1.2.1.9}{\376\377\0001\000.\0002\000.\0001\000.\0009\000\040\000s\000y\000s\000t\000f\000\137\000h\000a\000n\000d\000l\000e}{subsection.1.2.1}% 21
\BOOKMARK [0][-]{chapter.2}{\376\377\0002\000\040\000F\000i\000l\000e\000\040\000D\000o\000c\000u\000m\000e\000n\000t\000a\000t\000i\000o\000n}{}% 22
\BOOKMARK [1][-]{section.2.1}{\376\377\0002\000.\0001\000\040\000r\000e\000c\000v\000\137\000t\000c\000p\000\137\000s\000e\000r\000v\000e\000r\000.\000c\000\040\000F\000i\000l\000e\000\040\000R\000e\000f\000e\000r\000e\000n\000c\000e}{chapter.2}% 23
\BOOKMARK [2][-]{subsection.2.1.1}{\376\377\0002\000.\0001\000.\0001\000\040\000D\000e\000t\000a\000i\000l\000e\000d\000\040\000D\000e\000s\000c\000r\000i\000p\000t\000i\000o\000n}{section.2.1}% 24
\BOOKMARK [2][-]{subsection.2.1.2}{\376\377\0002\000.\0001\000.\0002\000\040\000F\000u\000n\000c\000t\000i\000o\000n\000\040\000D\000o\000c\000u\000m\000e\000n\000t\000a\000t\000i\000o\000n}{section.2.1}% 25
\BOOKMARK [3][-]{subsubsection.2.1.2.1}{\376\377\0002\000.\0001\000.\0002\000.\0001\000\040\000r\000e\000c\000v\000\137\000t\000c\000p\000\137\000s\000e\000r\000v\000e\000r\000\137\000c\000a\000l\000l\000t\000f\000\050\000\051}{subsection.2.1.2}% 26
\BOOKMARK [3][-]{subsubsection.2.1.2.2}{\376\377\0002\000.\0001\000.\0002\000.\0002\000\040\000r\000e\000c\000v\000\137\000t\000c\000p\000\137\000s\000e\000r\000v\000e\000r\000\137\000c\000o\000m\000p\000i\000l\000e\000t\000f\000\050\000\051}{subsection.2.1.2}% 27
\BOOKMARK [3][-]{subsubsection.2.1.2.3}{\376\377\0002\000.\0001\000.\0002\000.\0003\000\040\000r\000e\000c\000v\000\137\000t\000c\000p\000\137\000s\000e\000r\000v\000e\000r\000\137\000e\000n\000d\000\137\000s\000i\000m\000\137\000c\000b\000\050\000\051}{subsection.2.1.2}% 28
\BOOKMARK [3][-]{subsubsection.2.1.2.4}{\376\377\0002\000.\0001\000.\0002\000.\0004\000\040\000r\000e\000c\000v\000\137\000t\000c\000p\000\137\000s\000e\000r\000v\000e\000r\000\137\000s\000t\000a\000r\000t\000\137\000s\000i\000m\000\137\000c\000b\000\050\000\051}{subsection.2.1.2}% 29
\BOOKMARK [3][-]{subsubsection.2.1.2.5}{\376\377\0002\000.\0001\000.\0002\000.\0005\000\040\000r\000e\000c\000v\000\137\000t\000h\000r\000e\000a\000d\000\050\000\051}{subsection.2.1.2}% 30
\BOOKMARK [1][-]{section.2.2}{\376\377\0002\000.\0002\000\040\000r\000e\000c\000v\000\137\000t\000c\000p\000\137\000s\000e\000r\000v\000e\000r\000.\000h\000\040\000F\000i\000l\000e\000\040\000R\000e\000f\000e\000r\000e\000n\000c\000e}{chapter.2}% 31
\BOOKMARK [2][-]{subsection.2.2.1}{\376\377\0002\000.\0002\000.\0001\000\040\000D\000e\000t\000a\000i\000l\000e\000d\000\040\000D\000e\000s\000c\000r\000i\000p\000t\000i\000o\000n}{section.2.2}% 32
\BOOKMARK [2][-]{subsection.2.2.2}{\376\377\0002\000.\0002\000.\0002\000\040\000F\000u\000n\000c\000t\000i\000o\000n\000\040\000D\000o\000c\000u\000m\000e\000n\000t\000a\000t\000i\000o\000n}{section.2.2}% 33
\BOOKMARK [3][-]{subsubsection.2.2.2.1}{\376\377\0002\000.\0002\000.\0002\000.\0001\000\040\000r\000e\000c\000v\000\137\000t\000c\000p\000\137\000s\000e\000r\000v\000e\000r\000\137\000c\000a\000l\000l\000t\000f\000\050\000\051}{subsection.2.2.2}% 34
\BOOKMARK [3][-]{subsubsection.2.2.2.2}{\376\377\0002\000.\0002\000.\0002\000.\0002\000\040\000r\000e\000c\000v\000\137\000t\000c\000p\000\137\000s\000e\000r\000v\000e\000r\000\137\000c\000o\000m\000p\000i\000l\000e\000t\000f\000\050\000\051}{subsection.2.2.2}% 35
\BOOKMARK [1][-]{section.2.3}{\376\377\0002\000.\0003\000\040\000r\000e\000c\000v\000\137\000t\000c\000p\000\137\000s\000e\000r\000v\000e\000r\000.\000h}{chapter.2}% 36
\BOOKMARK [1][-]{section.2.4}{\376\377\0002\000.\0004\000\040\000s\000e\000n\000d\000\137\000t\000c\000p\000\137\000s\000e\000r\000v\000e\000r\000.\000c\000\040\000F\000i\000l\000e\000\040\000R\000e\000f\000e\000r\000e\000n\000c\000e}{chapter.2}% 37
\BOOKMARK [2][-]{subsection.2.4.1}{\376\377\0002\000.\0004\000.\0001\000\040\000D\000e\000t\000a\000i\000l\000e\000d\000\040\000D\000e\000s\000c\000r\000i\000p\000t\000i\000o\000n}{section.2.4}% 38
\BOOKMARK [2][-]{subsection.2.4.2}{\376\377\0002\000.\0004\000.\0002\000\040\000F\000u\000n\000c\000t\000i\000o\000n\000\040\000D\000o\000c\000u\000m\000e\000n\000t\000a\000t\000i\000o\000n}{section.2.4}% 39
\BOOKMARK [3][-]{subsubsection.2.4.2.1}{\376\377\0002\000.\0004\000.\0002\000.\0001\000\040\000s\000e\000n\000d\000\137\000t\000c\000p\000\137\000s\000e\000r\000v\000e\000r\000\137\000c\000a\000l\000l\000t\000f\000\050\000\051}{subsection.2.4.2}% 40
\BOOKMARK [3][-]{subsubsection.2.4.2.2}{\376\377\0002\000.\0004\000.\0002\000.\0002\000\040\000s\000e\000n\000d\000\137\000t\000c\000p\000\137\000s\000e\000r\000v\000e\000r\000\137\000c\000o\000m\000p\000i\000l\000e\000t\000f\000\050\000\051}{subsection.2.4.2}% 41
\BOOKMARK [3][-]{subsubsection.2.4.2.3}{\376\377\0002\000.\0004\000.\0002\000.\0003\000\040\000s\000e\000n\000d\000\137\000t\000c\000p\000\137\000s\000e\000r\000v\000e\000r\000\137\000e\000n\000d\000\137\000s\000i\000m\000\137\000c\000b\000\050\000\051}{subsection.2.4.2}% 42
\BOOKMARK [3][-]{subsubsection.2.4.2.4}{\376\377\0002\000.\0004\000.\0002\000.\0004\000\040\000s\000e\000n\000d\000\137\000t\000c\000p\000\137\000s\000e\000r\000v\000e\000r\000\137\000s\000t\000a\000r\000t\000\137\000s\000i\000m\000\137\000c\000b\000\050\000\051}{subsection.2.4.2}% 43
\BOOKMARK [3][-]{subsubsection.2.4.2.5}{\376\377\0002\000.\0004\000.\0002\000.\0005\000\040\000s\000e\000n\000d\000\137\000t\000h\000r\000e\000a\000d\000\050\000\051}{subsection.2.4.2}% 44
\BOOKMARK [1][-]{section.2.5}{\376\377\0002\000.\0005\000\040\000s\000e\000n\000d\000\137\000t\000c\000p\000\137\000s\000e\000r\000v\000e\000r\000.\000h\000\040\000F\000i\000l\000e\000\040\000R\000e\000f\000e\000r\000e\000n\000c\000e}{chapter.2}% 45
\BOOKMARK [2][-]{subsection.2.5.1}{\376\377\0002\000.\0005\000.\0001\000\040\000D\000e\000t\000a\000i\000l\000e\000d\000\040\000D\000e\000s\000c\000r\000i\000p\000t\000i\000o\000n}{section.2.5}% 46
\BOOKMARK [2][-]{subsection.2.5.2}{\376\377\0002\000.\0005\000.\0002\000\040\000F\000u\000n\000c\000t\000i\000o\000n\000\040\000D\000o\000c\000u\000m\000e\000n\000t\000a\000t\000i\000o\000n}{section.2.5}% 47
\BOOKMARK [3][-]{subsubsection.2.5.2.1}{\376\377\0002\000.\0005\000.\0002\000.\0001\000\040\000s\000e\000n\000d\000\137\000t\000c\000p\000\137\000s\000e\000r\000v\000e\000r\000\137\000c\000a\000l\000l\000t\000f\000\050\000\051}{subsection.2.5.2}% 48
\BOOKMARK [3][-]{subsubsection.2.5.2.2}{\376\377\0002\000.\0005\000.\0002\000.\0002\000\040\000s\000e\000n\000d\000\137\000t\000c\000p\000\137\000s\000e\000r\000v\000e\000r\000\137\000c\000o\000m\000p\000i\000l\000e\000t\000f\000\050\000\051}{subsection.2.5.2}% 49
\BOOKMARK [1][-]{section.2.6}{\376\377\0002\000.\0006\000\040\000s\000e\000n\000d\000\137\000t\000c\000p\000\137\000s\000e\000r\000v\000e\000r\000.\000h}{chapter.2}% 50
\BOOKMARK [1][-]{section.2.7}{\376\377\0002\000.\0007\000\040\000t\000c\000p\000\137\000s\000e\000r\000v\000e\000r\000.\000c\000\040\000F\000i\000l\000e\000\040\000R\000e\000f\000e\000r\000e\000n\000c\000e}{chapter.2}% 51
\BOOKMARK [2][-]{subsection.2.7.1}{\376\377\0002\000.\0007\000.\0001\000\040\000F\000u\000n\000c\000t\000i\000o\000n\000\040\000D\000o\000c\000u\000m\000e\000n\000t\000a\000t\000i\000o\000n}{section.2.7}% 52
\BOOKMARK [3][-]{subsubsection.2.7.1.1}{\376\377\0002\000.\0007\000.\0001\000.\0001\000\040\000c\000o\000n\000n\000e\000c\000t\000i\000o\000n\000\137\000k\000e\000e\000p\000\137\000a\000l\000i\000v\000e\000\050\000\051}{subsection.2.7.1}% 53
\BOOKMARK [3][-]{subsubsection.2.7.1.2}{\376\377\0002\000.\0007\000.\0001\000.\0002\000\040\000r\000e\000c\000v\000\137\000t\000c\000p\000\137\000s\000e\000r\000v\000e\000r\000\137\000r\000e\000g\000\137\000s\000y\000s\000t\000f\000\050\000\051}{subsection.2.7.1}% 54
\BOOKMARK [3][-]{subsubsection.2.7.1.3}{\376\377\0002\000.\0007\000.\0001\000.\0003\000\040\000s\000e\000n\000d\000\137\000t\000c\000p\000\137\000s\000e\000r\000v\000e\000r\000\137\000r\000e\000g\000\137\000s\000y\000s\000t\000f\000\050\000\051}{subsection.2.7.1}% 55
\BOOKMARK [3][-]{subsubsection.2.7.1.4}{\376\377\0002\000.\0007\000.\0001\000.\0004\000\040\000s\000e\000t\000u\000p\000\137\000t\000c\000p\000\137\000s\000e\000r\000v\000e\000r\000\137\000c\000a\000l\000l\000t\000f\000\050\000\051}{subsection.2.7.1}% 56
\BOOKMARK [3][-]{subsubsection.2.7.1.5}{\376\377\0002\000.\0007\000.\0001\000.\0005\000\040\000s\000e\000t\000u\000p\000\137\000t\000c\000p\000\137\000s\000e\000r\000v\000e\000r\000\137\000c\000o\000m\000p\000i\000l\000e\000t\000f\000\050\000\051}{subsection.2.7.1}% 57
\BOOKMARK [3][-]{subsubsection.2.7.1.6}{\376\377\0002\000.\0007\000.\0001\000.\0006\000\040\000s\000e\000t\000u\000p\000\137\000t\000c\000p\000\137\000s\000e\000r\000v\000e\000r\000\137\000e\000n\000d\000\137\000s\000i\000m\000\137\000c\000b\000\050\000\051}{subsection.2.7.1}% 58
\BOOKMARK [3][-]{subsubsection.2.7.1.7}{\376\377\0002\000.\0007\000.\0001\000.\0007\000\040\000s\000e\000t\000u\000p\000\137\000t\000c\000p\000\137\000s\000e\000r\000v\000e\000r\000\137\000r\000e\000g\000\137\000s\000y\000s\000t\000f\000\050\000\051}{subsection.2.7.1}% 59
\BOOKMARK [3][-]{subsubsection.2.7.1.8}{\376\377\0002\000.\0007\000.\0001\000.\0008\000\040\000s\000e\000t\000u\000p\000\137\000t\000c\000p\000\137\000s\000e\000r\000v\000e\000r\000\137\000s\000t\000a\000r\000t\000\137\000s\000i\000m\000\137\000c\000b\000\050\000\051}{subsection.2.7.1}% 60
\BOOKMARK [3][-]{subsubsection.2.7.1.9}{\376\377\0002\000.\0007\000.\0001\000.\0009\000\040\000t\000c\000p\000\137\000s\000e\000r\000v\000e\000r\000\137\000s\000i\000z\000e\000t\000f\000\050\000\051}{subsection.2.7.1}% 61
\BOOKMARK [2][-]{subsection.2.7.2}{\376\377\0002\000.\0007\000.\0002\000\040\000V\000a\000r\000i\000a\000b\000l\000e\000\040\000D\000o\000c\000u\000m\000e\000n\000t\000a\000t\000i\000o\000n}{section.2.7}% 62
\BOOKMARK [3][-]{subsubsection.2.7.2.1}{\376\377\0002\000.\0007\000.\0002\000.\0001\000\040\000g\000\137\000n\000u\000m\000\137\000o\000f\000\137\000c\000o\000n\000n\000e\000c\000t\000i\000o\000n\000s}{subsection.2.7.2}% 63
\BOOKMARK [3][-]{subsubsection.2.7.2.2}{\376\377\0002\000.\0007\000.\0002\000.\0002\000\040\000g\000\137\000s\000e\000n\000d\000\137\000t\000c\000p\000\137\000s\000e\000r\000v\000e\000r}{subsection.2.7.2}% 64
\BOOKMARK [3][-]{subsubsection.2.7.2.3}{\376\377\0002\000.\0007\000.\0002\000.\0003\000\040\000v\000l\000o\000g\000\137\000s\000t\000a\000r\000t\000u\000p\000\137\000r\000o\000u\000t\000i\000n\000e\000s}{subsection.2.7.2}% 65
\BOOKMARK [1][-]{section.2.8}{\376\377\0002\000.\0008\000\040\000t\000c\000p\000\137\000s\000e\000r\000v\000e\000r\000.\000h\000\040\000F\000i\000l\000e\000\040\000R\000e\000f\000e\000r\000e\000n\000c\000e}{chapter.2}% 66
\BOOKMARK [2][-]{subsection.2.8.1}{\376\377\0002\000.\0008\000.\0001\000\040\000D\000e\000t\000a\000i\000l\000e\000d\000\040\000D\000e\000s\000c\000r\000i\000p\000t\000i\000o\000n}{section.2.8}% 67
\BOOKMARK [2][-]{subsection.2.8.2}{\376\377\0002\000.\0008\000.\0002\000\040\000M\000a\000c\000r\000o\000\040\000D\000e\000f\000i\000n\000i\000t\000i\000o\000n\000\040\000D\000o\000c\000u\000m\000e\000n\000t\000a\000t\000i\000o\000n}{section.2.8}% 68
\BOOKMARK [3][-]{subsubsection.2.8.2.1}{\376\377\0002\000.\0008\000.\0002\000.\0001\000\040\000B\000U\000F\000F\000S\000I\000Z\000E}{subsection.2.8.2}% 69
\BOOKMARK [3][-]{subsubsection.2.8.2.2}{\376\377\0002\000.\0008\000.\0002\000.\0002\000\040\000D\000A\000T\000A\000C\000H\000U\000N\000K}{subsection.2.8.2}% 70
\BOOKMARK [3][-]{subsubsection.2.8.2.3}{\376\377\0002\000.\0008\000.\0002\000.\0003\000\040\000M\000A\000X\000\137\000C\000O\000N\000N\000E\000C\000T\000I\000O\000N\000S}{subsection.2.8.2}% 71
\BOOKMARK [3][-]{subsubsection.2.8.2.4}{\376\377\0002\000.\0008\000.\0002\000.\0004\000\040\000R\000E\000C\000V\000\137\000N\000A\000M\000E}{subsection.2.8.2}% 72
\BOOKMARK [3][-]{subsubsection.2.8.2.5}{\376\377\0002\000.\0008\000.\0002\000.\0005\000\040\000S\000E\000N\000D\000\137\000N\000A\000M\000E}{subsection.2.8.2}% 73
\BOOKMARK [3][-]{subsubsection.2.8.2.6}{\376\377\0002\000.\0008\000.\0002\000.\0006\000\040\000S\000E\000T\000U\000P\000\137\000N\000A\000M\000E}{subsection.2.8.2}% 74
\BOOKMARK [2][-]{subsection.2.8.3}{\376\377\0002\000.\0008\000.\0003\000\040\000V\000a\000r\000i\000a\000b\000l\000e\000\040\000D\000o\000c\000u\000m\000e\000n\000t\000a\000t\000i\000o\000n}{section.2.8}% 75
\BOOKMARK [3][-]{subsubsection.2.8.3.1}{\376\377\0002\000.\0008\000.\0003\000.\0001\000\040\000g\000\137\000s\000e\000n\000d\000\137\000t\000c\000p\000\137\000s\000e\000r\000v\000e\000r}{subsection.2.8.3}% 76
\BOOKMARK [1][-]{section.2.9}{\376\377\0002\000.\0009\000\040\000t\000c\000p\000\137\000s\000e\000r\000v\000e\000r\000.\000h}{chapter.2}% 77
\BOOKMARK [0][-]{section*.22}{\376\377\000I\000n\000d\000e\000x}{}% 78
